This file contains any messages produced by compilers while
running configure, to aid debugging if configure makes a mistake.

It was created by verificarlo configure 1.0.0, which was
generated by GNU Autoconf 2.71.  Invocation command line was

  $ /Users/zhaoyutainazir/verificarlo/configure

## --------- ##
## Platform. ##
## --------- ##

hostname = yutai.home
uname -m = x86_64
uname -r = 22.6.0
uname -s = Darwin
uname -v = Darwin Kernel Version 22.6.0: Fri Sep 15 13:39:52 PDT 2023; root:xnu-8796.141.3.700.8~1/RELEASE_X86_64

/usr/bin/uname -p = i386
/bin/uname -X     = unknown

/bin/arch              = unknown
/usr/bin/arch -k       = unknown
/usr/convex/getsysinfo = unknown
/usr/bin/hostinfo      = Mach kernel version:
	 Darwin Kernel Version 22.6.0: Fri Sep 15 13:39:52 PDT 2023; root:xnu-8796.141.3.700.8~1/RELEASE_X86_64
Kernel configured for up to 8 processors.
4 processors are physically available.
8 processors are logically available.
Processor type: x86_64h (Intel x86-64h Haswell)
Processors active: 0 1 2 3 4 5 6 7
Primary memory available: 8.00 gigabytes
Default processor set: 655 tasks, 2523 threads, 8 processors
Load average: 2.76, Mach factor: 5.29
/bin/machine           = unknown
/usr/bin/oslevel       = unknown
/bin/universe          = unknown

PATH: /usr/local/opt/openjdk@11/bin/
PATH: /Users/zhaoyutainazir/opt/anaconda3/bin/
PATH: /Users/zhaoyutainazir/opt/anaconda3/condabin/
PATH: /opt/local/bin/
PATH: /opt/local/sbin/
PATH: /usr/local/bin/
PATH: /System/Cryptexes/App/usr/bin/
PATH: /usr/bin/
PATH: /bin/
PATH: /usr/sbin/
PATH: /sbin/
PATH: /Library/Apple/usr/bin/
PATH: /var/run/com.apple.security.cryptexd/codex.system/bootstrap/usr/local/bin/
PATH: /var/run/com.apple.security.cryptexd/codex.system/bootstrap/usr/bin/
PATH: /var/run/com.apple.security.cryptexd/codex.system/bootstrap/usr/appleinternal/bin/


## ----------- ##
## Core tests. ##
## ----------- ##

configure:3039: looking for aux files: compile config.guess config.sub ltmain.sh missing install-sh tap-driver.sh
configure:3052:  trying /Users/zhaoyutainazir/verificarlo/autoconf/
configure:3081:   /Users/zhaoyutainazir/verificarlo/autoconf/compile found
configure:3081:   /Users/zhaoyutainazir/verificarlo/autoconf/config.guess found
configure:3081:   /Users/zhaoyutainazir/verificarlo/autoconf/config.sub found
configure:3081:   /Users/zhaoyutainazir/verificarlo/autoconf/ltmain.sh found
configure:3081:   /Users/zhaoyutainazir/verificarlo/autoconf/missing found
configure:3063:   /Users/zhaoyutainazir/verificarlo/autoconf/install-sh found
configure:3081:   /Users/zhaoyutainazir/verificarlo/autoconf/tap-driver.sh found
configure:3204: checking whether make supports nested variables
configure:3222: result: yes
configure:3257: checking for a BSD-compatible install
configure:3330: result: /usr/bin/install -c
configure:3341: checking whether build environment is sane
configure:3396: result: yes
configure:3555: checking for a race-free mkdir -p
configure:3599: result: /Users/zhaoyutainazir/verificarlo/autoconf/install-sh -c -d
configure:3606: checking for gawk
configure:3641: result: no
configure:3606: checking for mawk
configure:3641: result: no
configure:3606: checking for nawk
configure:3641: result: no
configure:3606: checking for awk
configure:3627: found /usr/bin/awk
configure:3638: result: awk
configure:3649: checking whether make sets $(MAKE)
configure:3672: result: yes
configure:3848: checking build system type
configure:3863: result: x86_64-apple-darwin22.6.0
configure:3883: checking host system type
configure:3897: result: x86_64-apple-darwin22.6.0
configure:3938: checking how to print strings
configure:3965: result: printf
configure:3999: checking whether make supports the include directive
configure:4014: make -f confmf.GNU && cat confinc.out
this is the am__doit target
configure:4017: $? = 0
configure:4036: result: yes (GNU style)
configure:4112: checking for gcc
configure:4133: found /usr/bin/gcc
configure:4144: result: gcc
configure:4497: checking for C compiler version
configure:4506: gcc --version >&5
Apple clang version 15.0.0 (clang-1500.0.40.1)
Target: x86_64-apple-darwin22.6.0
Thread model: posix
InstalledDir: /Library/Developer/CommandLineTools/usr/bin
configure:4517: $? = 0
configure:4506: gcc -v >&5
Apple clang version 15.0.0 (clang-1500.0.40.1)
Target: x86_64-apple-darwin22.6.0
Thread model: posix
InstalledDir: /Library/Developer/CommandLineTools/usr/bin
configure:4517: $? = 0
configure:4506: gcc -V >&5
clang: error: argument to '-V' is missing (expected 1 value)
clang: error: no input files
configure:4517: $? = 1
configure:4506: gcc -qversion >&5
clang: error: unknown argument '-qversion'; did you mean '--version'?
clang: error: no input files
configure:4517: $? = 1
configure:4506: gcc -version >&5
clang: error: unknown argument '-version'; did you mean '--version'?
clang: error: no input files
configure:4517: $? = 1
configure:4537: checking whether the C compiler works
configure:4559: gcc    conftest.c  >&5
configure:4563: $? = 0
configure:4613: result: yes
configure:4616: checking for C compiler default output file name
configure:4618: result: a.out
configure:4624: checking for suffix of executables
configure:4631: gcc -o conftest    conftest.c  >&5
configure:4635: $? = 0
configure:4658: result: 
configure:4680: checking whether we are cross compiling
configure:4688: gcc -o conftest    conftest.c  >&5
configure:4692: $? = 0
configure:4699: ./conftest
configure:4703: $? = 0
configure:4718: result: no
configure:4723: checking for suffix of object files
configure:4746: gcc -c   conftest.c >&5
configure:4750: $? = 0
configure:4772: result: o
configure:4776: checking whether the compiler supports GNU C
configure:4796: gcc -c   conftest.c >&5
configure:4796: $? = 0
configure:4806: result: yes
configure:4817: checking whether gcc accepts -g
configure:4838: gcc -c -g  conftest.c >&5
configure:4838: $? = 0
configure:4882: result: yes
configure:4902: checking for gcc option to enable C11 features
configure:4917: gcc  -c -g -O2  conftest.c >&5
conftest.c:25:14: warning: a function definition without a prototype is deprecated in all versions of C and is not supported in C2x [-Wdeprecated-non-prototype]
static char *e (p, i)
             ^
1 warning generated.
configure:4917: $? = 0
configure:4935: result: none needed
configure:5051: checking whether gcc understands -c and -o together
configure:5074: gcc -c conftest.c -o conftest2.o
configure:5077: $? = 0
configure:5074: gcc -c conftest.c -o conftest2.o
configure:5077: $? = 0
configure:5089: result: yes
configure:5108: checking dependency style of gcc
configure:5220: result: gcc3
configure:5235: checking for a sed that does not truncate output
configure:5305: result: /usr/bin/sed
configure:5323: checking for grep that handles long lines and -e
configure:5387: result: /usr/bin/grep
configure:5392: checking for egrep
configure:5460: result: /usr/bin/grep -E
configure:5465: checking for fgrep
configure:5533: result: /usr/bin/grep -F
configure:5569: checking for ld used by gcc
configure:5637: result: /Library/Developer/CommandLineTools/usr/bin/ld
configure:5644: checking if the linker (/Library/Developer/CommandLineTools/usr/bin/ld) is GNU ld
configure:5660: result: no
configure:5672: checking for BSD- or MS-compatible name lister (nm)
configure:5727: result: /usr/bin/nm -B
configure:5867: checking the name lister (/usr/bin/nm -B) interface
configure:5875: gcc -c -g -O2  conftest.c >&5
configure:5878: /usr/bin/nm -B "conftest.o"
configure:5881: output
0000000000000210 S _some_variable
configure:5888: result: BSD nm
configure:5891: checking whether ln -s works
configure:5895: result: yes
configure:5903: checking the maximum length of command line arguments
configure:6035: result: 786432
configure:6083: checking how to convert x86_64-apple-darwin22.6.0 file names to x86_64-apple-darwin22.6.0 format
configure:6124: result: func_convert_file_noop
configure:6131: checking how to convert x86_64-apple-darwin22.6.0 file names to toolchain format
configure:6152: result: func_convert_file_noop
configure:6159: checking for /Library/Developer/CommandLineTools/usr/bin/ld option to reload object files
configure:6167: result: -r
configure:6246: checking for file
configure:6267: found /usr/bin/file
configure:6278: result: file
configure:6354: checking for objdump
configure:6375: found /usr/bin/objdump
configure:6386: result: objdump
configure:6418: checking how to recognize dependent libraries
configure:6619: result: pass_all
configure:6709: checking for dlltool
configure:6744: result: no
configure:6774: checking how to associate runtime and link libraries
configure:6802: result: printf %s\n
configure:6868: checking for ar
configure:6889: found /usr/bin/ar
configure:6900: result: ar
configure:6953: checking for archiver @FILE support
configure:6971: gcc -c -g -O2  conftest.c >&5
configure:6971: $? = 0
configure:6975: ar cr libconftest.a @conftest.lst >&5
ar: @conftest.lst: No such file or directory
configure:6978: $? = 1
configure:6998: result: no
configure:7061: checking for strip
configure:7082: found /usr/bin/strip
configure:7093: result: strip
configure:7170: checking for ranlib
configure:7191: found /usr/bin/ranlib
configure:7202: result: ranlib
configure:7304: checking command to parse /usr/bin/nm -B output from gcc object
configure:7458: gcc -c -g -O2  conftest.c >&5
configure:7461: $? = 0
configure:7465: /usr/bin/nm -B conftest.o \| /usr/bin/sed -n -e 's/^.*[ ]\([ABCDGIRSTW][ABCDGIRSTW]*\)[ ][ ]*\([_A-Za-z][_A-Za-z0-9]*\)$/\1 \2 \2/p' | /usr/bin/sed '/ __gnu_lto/d' \> conftest.nm
configure:7468: $? = 0
cannot find nm_test_var in conftest.nm
configure:7458: gcc -c -g -O2  conftest.c >&5
configure:7461: $? = 0
configure:7465: /usr/bin/nm -B conftest.o \| /usr/bin/sed -n -e 's/^.*[ ]\([ABCDGIRSTW][ABCDGIRSTW]*\)[ ][ ]*_\([_A-Za-z][_A-Za-z0-9]*\)$/\1 _\2 \2/p' | /usr/bin/sed '/ __gnu_lto/d' \> conftest.nm
configure:7468: $? = 0
configure:7534: gcc -o conftest -g -O2   conftest.c conftstm.o >&5
configure:7537: $? = 0
configure:7575: result: ok
configure:7622: checking for sysroot
configure:7653: result: no
configure:7660: checking for a working dd
configure:7704: result: /bin/dd
configure:7708: checking how to truncate binary pipes
configure:7724: result: /bin/dd bs=4096 count=1
configure:8061: checking for mt
configure:8096: result: no
configure:8116: checking if : is a manifest tool
configure:8123: : '-?'
configure:8131: result: no
configure:8192: checking for dsymutil
configure:8213: found /usr/bin/dsymutil
configure:8224: result: dsymutil
configure:8294: checking for nmedit
configure:8315: found /usr/bin/nmedit
configure:8326: result: nmedit
configure:8396: checking for lipo
configure:8417: found /usr/bin/lipo
configure:8428: result: lipo
configure:8498: checking for otool
configure:8519: found /usr/bin/otool
configure:8530: result: otool
configure:8600: checking for otool64
configure:8635: result: no
configure:8680: checking for -single_module linker flag
gcc -g -O2  -o libconftest.dylib -dynamiclib -Wl,-single_module conftest.c
ld: warning: -single_module is obsolete
configure:8714: result: no
configure:8717: checking for -exported_symbols_list linker flag
configure:8738: gcc -o conftest -g -O2   -Wl,-exported_symbols_list,conftest.sym conftest.c  >&5
configure:8738: $? = 0
configure:8749: result: yes
configure:8752: checking for -force_load linker flag
gcc -g -O2 -c -o conftest.o conftest.c
ar cr libconftest.a conftest.o
ranlib libconftest.a
gcc -g -O2  -o conftest conftest.c -Wl,-force_load,./libconftest.a
configure:8785: result: yes
configure:8856: checking for stdio.h
configure:8856: gcc -c -g -O2  conftest.c >&5
configure:8856: $? = 0
configure:8856: result: yes
configure:8856: checking for stdlib.h
configure:8856: gcc -c -g -O2  conftest.c >&5
configure:8856: $? = 0
configure:8856: result: yes
configure:8856: checking for string.h
configure:8856: gcc -c -g -O2  conftest.c >&5
configure:8856: $? = 0
configure:8856: result: yes
configure:8856: checking for inttypes.h
configure:8856: gcc -c -g -O2  conftest.c >&5
configure:8856: $? = 0
configure:8856: result: yes
configure:8856: checking for stdint.h
configure:8856: gcc -c -g -O2  conftest.c >&5
configure:8856: $? = 0
configure:8856: result: yes
configure:8856: checking for strings.h
configure:8856: gcc -c -g -O2  conftest.c >&5
configure:8856: $? = 0
configure:8856: result: yes
configure:8856: checking for sys/stat.h
configure:8856: gcc -c -g -O2  conftest.c >&5
configure:8856: $? = 0
configure:8856: result: yes
configure:8856: checking for sys/types.h
configure:8856: gcc -c -g -O2  conftest.c >&5
configure:8856: $? = 0
configure:8856: result: yes
configure:8856: checking for unistd.h
configure:8856: gcc -c -g -O2  conftest.c >&5
configure:8856: $? = 0
configure:8856: result: yes
configure:8856: checking for vfork.h
configure:8856: gcc -c -g -O2  conftest.c >&5
conftest.c:48:10: fatal error: 'vfork.h' file not found
#include <vfork.h>
         ^~~~~~~~~
1 error generated.
configure:8856: $? = 1
configure: failed program was:
| /* confdefs.h */
| #define PACKAGE_NAME "verificarlo"
| #define PACKAGE_TARNAME "verificarlo"
| #define PACKAGE_VERSION "1.0.0"
| #define PACKAGE_STRING "verificarlo 1.0.0"
| #define PACKAGE_BUGREPORT ""
| #define PACKAGE_URL ""
| #define PACKAGE "verificarlo"
| #define VERSION "1.0.0"
| #define HAVE_STDIO_H 1
| #define HAVE_STDLIB_H 1
| #define HAVE_STRING_H 1
| #define HAVE_INTTYPES_H 1
| #define HAVE_STDINT_H 1
| #define HAVE_STRINGS_H 1
| #define HAVE_SYS_STAT_H 1
| #define HAVE_SYS_TYPES_H 1
| #define HAVE_UNISTD_H 1
| /* end confdefs.h.  */
| #include <stddef.h>
| #ifdef HAVE_STDIO_H
| # include <stdio.h>
| #endif
| #ifdef HAVE_STDLIB_H
| # include <stdlib.h>
| #endif
| #ifdef HAVE_STRING_H
| # include <string.h>
| #endif
| #ifdef HAVE_INTTYPES_H
| # include <inttypes.h>
| #endif
| #ifdef HAVE_STDINT_H
| # include <stdint.h>
| #endif
| #ifdef HAVE_STRINGS_H
| # include <strings.h>
| #endif
| #ifdef HAVE_SYS_TYPES_H
| # include <sys/types.h>
| #endif
| #ifdef HAVE_SYS_STAT_H
| # include <sys/stat.h>
| #endif
| #ifdef HAVE_UNISTD_H
| # include <unistd.h>
| #endif
| #include <vfork.h>
configure:8856: result: no
configure:8856: checking for sys/time.h
configure:8856: gcc -c -g -O2  conftest.c >&5
configure:8856: $? = 0
configure:8856: result: yes
configure:8856: checking for sys/param.h
configure:8856: gcc -c -g -O2  conftest.c >&5
configure:8856: $? = 0
configure:8856: result: yes
configure:8881: checking for dlfcn.h
configure:8881: gcc -c -g -O2  conftest.c >&5
configure:8881: $? = 0
configure:8881: result: yes
configure:9140: checking for objdir
configure:9156: result: .libs
configure:9420: checking if gcc supports -fno-rtti -fno-exceptions
configure:9439: gcc -c -g -O2  -fno-rtti -fno-exceptions conftest.c >&5
configure:9443: $? = 0
configure:9456: result: yes
configure:9814: checking for gcc option to produce PIC
configure:9822: result: -fno-common -DPIC
configure:9830: checking if gcc PIC flag -fno-common -DPIC works
configure:9849: gcc -c -g -O2  -fno-common -DPIC -DPIC conftest.c >&5
configure:9853: $? = 0
configure:9866: result: yes
configure:9895: checking if gcc static flag -static works
configure:9924: result: no
configure:9939: checking if gcc supports -c -o file.o
configure:9961: gcc -c -g -O2  -o out/conftest2.o conftest.c >&5
configure:9965: $? = 0
configure:9987: result: yes
configure:9995: checking if gcc supports -c -o file.o
configure:10043: result: yes
configure:10076: checking whether the gcc linker (/Library/Developer/CommandLineTools/usr/bin/ld) supports shared libraries
configure:11344: result: yes
configure:11585: checking dynamic linker characteristics
configure:12406: result: darwin22.6.0 dyld
configure:12528: checking how to hardcode library paths into programs
configure:12553: result: immediate
configure:13105: checking whether stripping libraries is possible
configure:13122: result: yes
configure:13156: checking if libtool supports shared libraries
configure:13158: result: yes
configure:13161: checking whether to build shared libraries
configure:13186: result: yes
configure:13189: checking whether to build static libraries
configure:13193: result: yes
configure:13299: checking for g++
configure:13320: found /usr/bin/g++
configure:13331: result: g++
configure:13358: checking for C++ compiler version
configure:13367: g++ --version >&5
Apple clang version 15.0.0 (clang-1500.0.40.1)
Target: x86_64-apple-darwin22.6.0
Thread model: posix
InstalledDir: /Library/Developer/CommandLineTools/usr/bin
configure:13378: $? = 0
configure:13367: g++ -v >&5
Apple clang version 15.0.0 (clang-1500.0.40.1)
Target: x86_64-apple-darwin22.6.0
Thread model: posix
InstalledDir: /Library/Developer/CommandLineTools/usr/bin
configure:13378: $? = 0
configure:13367: g++ -V >&5
clang: error: argument to '-V' is missing (expected 1 value)
clang: error: no input files
configure:13378: $? = 1
configure:13367: g++ -qversion >&5
clang: error: unknown argument '-qversion'; did you mean '--version'?
clang: error: no input files
configure:13378: $? = 1
configure:13382: checking whether the compiler supports GNU C++
configure:13402: g++ -c   conftest.cpp >&5
configure:13402: $? = 0
configure:13412: result: yes
configure:13423: checking whether g++ accepts -g
configure:13444: g++ -c -g  conftest.cpp >&5
configure:13444: $? = 0
configure:13488: result: yes
configure:13508: checking for g++ option to enable C++11 features
configure:13523: g++  -c -g -O2  conftest.cpp >&5
conftest.cpp:71:3: error: "Compiler does not advertise C++11 conformance"
# error "Compiler does not advertise C++11 conformance"
  ^
conftest.cpp:76:3: error: unknown type name 'constexpr'
  constexpr int get_val() { return 20; }
  ^
conftest.cpp:88:17: error: delegating constructors are permitted only in C++11
    delegate(): delegate(2354) {}
                ^~~~~~~~
conftest.cpp:99:26: warning: 'override' keyword is a C++11 extension [-Wc++11-extensions]
    virtual int getval() override final { return this->n * 2; }
                         ^
conftest.cpp:99:35: warning: 'final' keyword is a C++11 extension [-Wc++11-extensions]
    virtual int getval() override final { return this->n * 2; }
                                  ^
conftest.cpp:106:16: warning: defaulted function definitions are a C++11 extension [-Wc++11-extensions]
    nocopy() = default;
               ^
conftest.cpp:107:29: warning: deleted function definitions are a C++11 extension [-Wc++11-extensions]
    nocopy(const nocopy&) = delete;
                            ^
conftest.cpp:108:41: warning: deleted function definitions are a C++11 extension [-Wc++11-extensions]
    nocopy & operator=(const nocopy&) = delete;
                                        ^
conftest.cpp:120:25: warning: 'auto' type specifier is a C++11 extension [-Wc++11-extensions]
  template <typename V> auto sum(V first) -> V
                        ^
conftest.cpp:120:25: error: 'auto' not allowed in function return type
  template <typename V> auto sum(V first) -> V
                        ^~~~
conftest.cpp:120:42: error: expected ';' at end of declaration
  template <typename V> auto sum(V first) -> V
                                         ^
                                         ;
conftest.cpp:120:43: error: cannot use arrow operator on a type
  template <typename V> auto sum(V first) -> V
                                          ^
conftest.cpp:124:33: warning: variadic templates are a C++11 extension [-Wc++11-extensions]
  template <typename V, typename... Args> auto sum(V first, Args... rest) -> V
                                ^
conftest.cpp:124:43: warning: 'auto' type specifier is a C++11 extension [-Wc++11-extensions]
  template <typename V, typename... Args> auto sum(V first, Args... rest) -> V
                                          ^
conftest.cpp:124:43: error: 'auto' not allowed in function return type
  template <typename V, typename... Args> auto sum(V first, Args... rest) -> V
                                          ^~~~
conftest.cpp:124:74: error: expected ';' at end of declaration
  template <typename V, typename... Args> auto sum(V first, Args... rest) -> V
                                                                         ^
                                                                         ;
conftest.cpp:124:75: error: cannot use arrow operator on a type
  template <typename V, typename... Args> auto sum(V first, Args... rest) -> V
                                                                          ^
conftest.cpp:148:3: warning: 'auto' type specifier is a C++11 extension [-Wc++11-extensions]
  auto a1 = 6538;
  ^
conftest.cpp:149:3: warning: 'auto' type specifier is a C++11 extension [-Wc++11-extensions]
  auto a2 = 48573953.4;
  ^
conftest.cpp:150:3: warning: 'auto' type specifier is a C++11 extension [-Wc++11-extensions]
  auto a3 = "String literal";
  ^
conftest.cpp:153:8: warning: 'auto' type specifier is a C++11 extension [-Wc++11-extensions]
  for (auto i = a3; *i; ++i) { total += *i; }
       ^
conftest.cpp:169:8: warning: 'auto' type specifier is a C++11 extension [-Wc++11-extensions]
  for (auto &x : array) { x += 23; }
       ^
conftest.cpp:169:16: warning: range-based for loop is a C++11 extension [-Wc++11-extensions]
  for (auto &x : array) { x += 23; }
               ^
conftest.cpp:174:17: error: expected expression
  assert (eval ([](int x) { return x*2; }, 21) == 42);
                ^
conftest.cpp:176:17: error: expected expression
  assert (eval ([&](double x) { return d += x; }, 3.0) == 5.0);
                ^
conftest.cpp:178:17: error: expected expression
  assert (eval ([=](double x) mutable { return d += x; }, 4.0) == 9.0);
                ^
conftest.cpp:184:3: warning: 'auto' type specifier is a C++11 extension [-Wc++11-extensions]
  auto a = sum(1);
  ^
conftest.cpp:184:12: error: no matching function for call to 'sum'
  auto a = sum(1);
           ^~~
conftest.cpp:185:3: warning: 'auto' type specifier is a C++11 extension [-Wc++11-extensions]
  auto b = sum(1, 2);
  ^
conftest.cpp:185:12: error: no matching function for call to 'sum'
  auto b = sum(1, 2);
           ^~~
conftest.cpp:186:3: warning: 'auto' type specifier is a C++11 extension [-Wc++11-extensions]
  auto c = sum(1.0, 2.0, 3.0);
  ^
conftest.cpp:186:12: error: no matching function for call to 'sum'
  auto c = sum(1.0, 2.0, 3.0);
           ^~~
conftest.cpp:191:25: warning: empty parentheses interpreted as a function declaration [-Wvexing-parse]
  cxx11test::delegate d2();
                        ^~
conftest.cpp:191:25: note: remove parentheses to declare a variable
  cxx11test::delegate d2();
                        ^~
conftest.cpp:204:16: error: found '<::' after a template name which forms the digraph '<:' (aka '[') and a ':', did you mean '< ::'?
  test_template<::test_template<int>> v(test_template<int>(12));
               ^~~
               < ::
conftest.cpp:204:36: error: a space is required between consecutive right angle brackets (use '> >')
  test_template<::test_template<int>> v(test_template<int>(12));
                                   ^~
                                   > >
conftest.cpp:208:22: error: use of undeclared identifier 'u8'
  char const *utf8 = u8"UTF-8 string \u2500";
                     ^
conftest.cpp:208:24: error: expected ';' at end of declaration
  char const *utf8 = u8"UTF-8 string \u2500";
                       ^
                       ;
fatal error: too many errors emitted, stopping now [-ferror-limit=]
18 warnings and 20 errors generated.
configure:13523: $? = 1
configure: failed program was:
| /* confdefs.h */
| #define PACKAGE_NAME "verificarlo"
| #define PACKAGE_TARNAME "verificarlo"
| #define PACKAGE_VERSION "1.0.0"
| #define PACKAGE_STRING "verificarlo 1.0.0"
| #define PACKAGE_BUGREPORT ""
| #define PACKAGE_URL ""
| #define PACKAGE "verificarlo"
| #define VERSION "1.0.0"
| #define HAVE_STDIO_H 1
| #define HAVE_STDLIB_H 1
| #define HAVE_STRING_H 1
| #define HAVE_INTTYPES_H 1
| #define HAVE_STDINT_H 1
| #define HAVE_STRINGS_H 1
| #define HAVE_SYS_STAT_H 1
| #define HAVE_SYS_TYPES_H 1
| #define HAVE_UNISTD_H 1
| #define HAVE_SYS_TIME_H 1
| #define HAVE_SYS_PARAM_H 1
| #define STDC_HEADERS 1
| #define HAVE_DLFCN_H 1
| #define LT_OBJDIR ".libs/"
| /* end confdefs.h.  */
| 
| // Does the compiler advertise C++98 conformance?
| #if !defined __cplusplus || __cplusplus < 199711L
| # error "Compiler does not advertise C++98 conformance"
| #endif
| 
| // These inclusions are to reject old compilers that
| // lack the unsuffixed header files.
| #include <cstdlib>
| #include <exception>
| 
| // <cassert> and <cstring> are *not* freestanding headers in C++98.
| extern void assert (int);
| namespace std {
|   extern int strcmp (const char *, const char *);
| }
| 
| // Namespaces, exceptions, and templates were all added after "C++ 2.0".
| using std::exception;
| using std::strcmp;
| 
| namespace {
| 
| void test_exception_syntax()
| {
|   try {
|     throw "test";
|   } catch (const char *s) {
|     // Extra parentheses suppress a warning when building autoconf itself,
|     // due to lint rules shared with more typical C programs.
|     assert (!(strcmp) (s, "test"));
|   }
| }
| 
| template <typename T> struct test_template
| {
|   T const val;
|   explicit test_template(T t) : val(t) {}
|   template <typename U> T add(U u) { return static_cast<T>(u) + val; }
| };
| 
| } // anonymous namespace
| 
| 
| // Does the compiler advertise C++ 2011 conformance?
| #if !defined __cplusplus || __cplusplus < 201103L
| # error "Compiler does not advertise C++11 conformance"
| #endif
| 
| namespace cxx11test
| {
|   constexpr int get_val() { return 20; }
| 
|   struct testinit
|   {
|     int i;
|     double d;
|   };
| 
|   class delegate
|   {
|   public:
|     delegate(int n) : n(n) {}
|     delegate(): delegate(2354) {}
| 
|     virtual int getval() { return this->n; };
|   protected:
|     int n;
|   };
| 
|   class overridden : public delegate
|   {
|   public:
|     overridden(int n): delegate(n) {}
|     virtual int getval() override final { return this->n * 2; }
|   };
| 
|   class nocopy
|   {
|   public:
|     nocopy(int i): i(i) {}
|     nocopy() = default;
|     nocopy(const nocopy&) = delete;
|     nocopy & operator=(const nocopy&) = delete;
|   private:
|     int i;
|   };
| 
|   // for testing lambda expressions
|   template <typename Ret, typename Fn> Ret eval(Fn f, Ret v)
|   {
|     return f(v);
|   }
| 
|   // for testing variadic templates and trailing return types
|   template <typename V> auto sum(V first) -> V
|   {
|     return first;
|   }
|   template <typename V, typename... Args> auto sum(V first, Args... rest) -> V
|   {
|     return first + sum(rest...);
|   }
| }
| 
| 
| int
| main (int argc, char **argv)
| {
|   int ok = 0;
|   
|   assert (argc);
|   assert (! argv[0]);
| {
|   test_exception_syntax ();
|   test_template<double> tt (2.0);
|   assert (tt.add (4) == 6.0);
|   assert (true && !false);
| }
| 
|   
| {
|   // Test auto and decltype
|   auto a1 = 6538;
|   auto a2 = 48573953.4;
|   auto a3 = "String literal";
| 
|   int total = 0;
|   for (auto i = a3; *i; ++i) { total += *i; }
| 
|   decltype(a2) a4 = 34895.034;
| }
| {
|   // Test constexpr
|   short sa[cxx11test::get_val()] = { 0 };
| }
| {
|   // Test initializer lists
|   cxx11test::testinit il = { 4323, 435234.23544 };
| }
| {
|   // Test range-based for
|   int array[] = {9, 7, 13, 15, 4, 18, 12, 10, 5, 3,
|                  14, 19, 17, 8, 6, 20, 16, 2, 11, 1};
|   for (auto &x : array) { x += 23; }
| }
| {
|   // Test lambda expressions
|   using cxx11test::eval;
|   assert (eval ([](int x) { return x*2; }, 21) == 42);
|   double d = 2.0;
|   assert (eval ([&](double x) { return d += x; }, 3.0) == 5.0);
|   assert (d == 5.0);
|   assert (eval ([=](double x) mutable { return d += x; }, 4.0) == 9.0);
|   assert (d == 5.0);
| }
| {
|   // Test use of variadic templates
|   using cxx11test::sum;
|   auto a = sum(1);
|   auto b = sum(1, 2);
|   auto c = sum(1.0, 2.0, 3.0);
| }
| {
|   // Test constructor delegation
|   cxx11test::delegate d1;
|   cxx11test::delegate d2();
|   cxx11test::delegate d3(45);
| }
| {
|   // Test override and final
|   cxx11test::overridden o1(55464);
| }
| {
|   // Test nullptr
|   char *c = nullptr;
| }
| {
|   // Test template brackets
|   test_template<::test_template<int>> v(test_template<int>(12));
| }
| {
|   // Unicode literals
|   char const *utf8 = u8"UTF-8 string \u2500";
|   char16_t const *utf16 = u"UTF-8 string \u2500";
|   char32_t const *utf32 = U"UTF-32 string \u2500";
| }
| 
|   return ok;
| }
| 
configure:13541: result: none needed
configure:13607: checking dependency style of g++
configure:13719: result: gcc3
configure:13752: checking how to run the C++ preprocessor
configure:13774: g++ -E  conftest.cpp
configure:13774: $? = 0
configure:13789: g++ -E  conftest.cpp
conftest.cpp:25:10: fatal error: 'ac_nonexistent.h' file not found
#include <ac_nonexistent.h>
         ^~~~~~~~~~~~~~~~~~
1 error generated.
configure:13789: $? = 1
configure: failed program was:
| /* confdefs.h */
| #define PACKAGE_NAME "verificarlo"
| #define PACKAGE_TARNAME "verificarlo"
| #define PACKAGE_VERSION "1.0.0"
| #define PACKAGE_STRING "verificarlo 1.0.0"
| #define PACKAGE_BUGREPORT ""
| #define PACKAGE_URL ""
| #define PACKAGE "verificarlo"
| #define VERSION "1.0.0"
| #define HAVE_STDIO_H 1
| #define HAVE_STDLIB_H 1
| #define HAVE_STRING_H 1
| #define HAVE_INTTYPES_H 1
| #define HAVE_STDINT_H 1
| #define HAVE_STRINGS_H 1
| #define HAVE_SYS_STAT_H 1
| #define HAVE_SYS_TYPES_H 1
| #define HAVE_UNISTD_H 1
| #define HAVE_SYS_TIME_H 1
| #define HAVE_SYS_PARAM_H 1
| #define STDC_HEADERS 1
| #define HAVE_DLFCN_H 1
| #define LT_OBJDIR ".libs/"
| /* end confdefs.h.  */
| #include <ac_nonexistent.h>
configure:13816: result: g++ -E
configure:13830: g++ -E  conftest.cpp
configure:13830: $? = 0
configure:13845: g++ -E  conftest.cpp
conftest.cpp:25:10: fatal error: 'ac_nonexistent.h' file not found
#include <ac_nonexistent.h>
         ^~~~~~~~~~~~~~~~~~
1 error generated.
configure:13845: $? = 1
configure: failed program was:
| /* confdefs.h */
| #define PACKAGE_NAME "verificarlo"
| #define PACKAGE_TARNAME "verificarlo"
| #define PACKAGE_VERSION "1.0.0"
| #define PACKAGE_STRING "verificarlo 1.0.0"
| #define PACKAGE_BUGREPORT ""
| #define PACKAGE_URL ""
| #define PACKAGE "verificarlo"
| #define VERSION "1.0.0"
| #define HAVE_STDIO_H 1
| #define HAVE_STDLIB_H 1
| #define HAVE_STRING_H 1
| #define HAVE_INTTYPES_H 1
| #define HAVE_STDINT_H 1
| #define HAVE_STRINGS_H 1
| #define HAVE_SYS_STAT_H 1
| #define HAVE_SYS_TYPES_H 1
| #define HAVE_UNISTD_H 1
| #define HAVE_SYS_TIME_H 1
| #define HAVE_SYS_PARAM_H 1
| #define STDC_HEADERS 1
| #define HAVE_DLFCN_H 1
| #define LT_OBJDIR ".libs/"
| /* end confdefs.h.  */
| #include <ac_nonexistent.h>
configure:14010: checking for ld used by g++
configure:14078: result: /Library/Developer/CommandLineTools/usr/bin/ld
configure:14085: checking if the linker (/Library/Developer/CommandLineTools/usr/bin/ld) is GNU ld
configure:14101: result: no
configure:14156: checking whether the g++ linker (/Library/Developer/CommandLineTools/usr/bin/ld) supports shared libraries
configure:15234: result: yes
configure:15270: g++ -c -g -O2  conftest.cpp >&5
configure:15273: $? = 0
configure:15754: checking for g++ option to produce PIC
configure:15762: result: -fno-common -DPIC
configure:15770: checking if g++ PIC flag -fno-common -DPIC works
configure:15789: g++ -c -g -O2  -fno-common -DPIC -DPIC conftest.cpp >&5
configure:15793: $? = 0
configure:15806: result: yes
configure:15829: checking if g++ static flag -static works
configure:15858: result: no
configure:15870: checking if g++ supports -c -o file.o
configure:15892: g++ -c -g -O2  -o out/conftest2.o conftest.cpp >&5
configure:15896: $? = 0
configure:15918: result: yes
configure:15923: checking if g++ supports -c -o file.o
configure:15971: result: yes
configure:16001: checking whether the g++ linker (/Library/Developer/CommandLineTools/usr/bin/ld) supports shared libraries
configure:16041: result: yes
configure:16183: checking dynamic linker characteristics
configure:16931: result: darwin22.6.0 dyld
configure:16996: checking how to hardcode library paths into programs
configure:17021: result: immediate
configure:17065: checking for gawk
configure:17097: result: awk
configure:17113: checking how to run the C preprocessor
configure:17139: gcc -E  conftest.c
configure:17139: $? = 0
configure:17154: gcc -E  conftest.c
conftest.c:25:10: fatal error: 'ac_nonexistent.h' file not found
#include <ac_nonexistent.h>
         ^~~~~~~~~~~~~~~~~~
1 error generated.
configure:17154: $? = 1
configure: failed program was:
| /* confdefs.h */
| #define PACKAGE_NAME "verificarlo"
| #define PACKAGE_TARNAME "verificarlo"
| #define PACKAGE_VERSION "1.0.0"
| #define PACKAGE_STRING "verificarlo 1.0.0"
| #define PACKAGE_BUGREPORT ""
| #define PACKAGE_URL ""
| #define PACKAGE "verificarlo"
| #define VERSION "1.0.0"
| #define HAVE_STDIO_H 1
| #define HAVE_STDLIB_H 1
| #define HAVE_STRING_H 1
| #define HAVE_INTTYPES_H 1
| #define HAVE_STDINT_H 1
| #define HAVE_STRINGS_H 1
| #define HAVE_SYS_STAT_H 1
| #define HAVE_SYS_TYPES_H 1
| #define HAVE_UNISTD_H 1
| #define HAVE_SYS_TIME_H 1
| #define HAVE_SYS_PARAM_H 1
| #define STDC_HEADERS 1
| #define HAVE_DLFCN_H 1
| #define LT_OBJDIR ".libs/"
| /* end confdefs.h.  */
| #include <ac_nonexistent.h>
configure:17181: result: gcc -E
configure:17195: gcc -E  conftest.c
configure:17195: $? = 0
configure:17210: gcc -E  conftest.c
conftest.c:25:10: fatal error: 'ac_nonexistent.h' file not found
#include <ac_nonexistent.h>
         ^~~~~~~~~~~~~~~~~~
1 error generated.
configure:17210: $? = 1
configure: failed program was:
| /* confdefs.h */
| #define PACKAGE_NAME "verificarlo"
| #define PACKAGE_TARNAME "verificarlo"
| #define PACKAGE_VERSION "1.0.0"
| #define PACKAGE_STRING "verificarlo 1.0.0"
| #define PACKAGE_BUGREPORT ""
| #define PACKAGE_URL ""
| #define PACKAGE "verificarlo"
| #define VERSION "1.0.0"
| #define HAVE_STDIO_H 1
| #define HAVE_STDLIB_H 1
| #define HAVE_STRING_H 1
| #define HAVE_INTTYPES_H 1
| #define HAVE_STDINT_H 1
| #define HAVE_STRINGS_H 1
| #define HAVE_SYS_STAT_H 1
| #define HAVE_SYS_TYPES_H 1
| #define HAVE_UNISTD_H 1
| #define HAVE_SYS_TIME_H 1
| #define HAVE_SYS_PARAM_H 1
| #define STDC_HEADERS 1
| #define HAVE_DLFCN_H 1
| #define LT_OBJDIR ".libs/"
| /* end confdefs.h.  */
| #include <ac_nonexistent.h>
configure:17241: checking whether ln -s works
configure:17245: result: yes
configure:17252: checking whether make sets $(MAKE)
configure:17275: result: yes
configure:17407: checking for C compiler version
configure:17416: gcc --version >&5
Apple clang version 15.0.0 (clang-1500.0.40.1)
Target: x86_64-apple-darwin22.6.0
Thread model: posix
InstalledDir: /Library/Developer/CommandLineTools/usr/bin
configure:17427: $? = 0
configure:17416: gcc -v >&5
Apple clang version 15.0.0 (clang-1500.0.40.1)
Target: x86_64-apple-darwin22.6.0
Thread model: posix
InstalledDir: /Library/Developer/CommandLineTools/usr/bin
configure:17427: $? = 0
configure:17416: gcc -V >&5
clang: error: argument to '-V' is missing (expected 1 value)
clang: error: no input files
configure:17427: $? = 1
configure:17416: gcc -qversion >&5
clang: error: unknown argument '-qversion'; did you mean '--version'?
clang: error: no input files
configure:17427: $? = 1
configure:17416: gcc -version >&5
clang: error: unknown argument '-version'; did you mean '--version'?
clang: error: no input files
configure:17427: $? = 1
configure:17431: checking whether the compiler supports GNU C
configure:17461: result: yes
configure:17472: checking whether gcc accepts -g
configure:17537: result: yes
configure:17557: checking for gcc option to enable C11 features
configure:17590: result: none needed
configure:17706: checking whether gcc understands -c and -o together
configure:17744: result: yes
configure:17763: checking dependency style of gcc
configure:17875: result: gcc3
configure:17891: checking for gcc version
configure:17896: result: (clang-1500.0.40.1)
configure:17960: checking for llvm-config
configure:17998: result: no
configure:18004: error: LLVM is required but program `llvm-config` cannot be found in /usr/local/opt/openjdk@11/bin:/Users/zhaoyutainazir/opt/anaconda3/bin:/Users/zhaoyutainazir/opt/anaconda3/condabin:/opt/local/bin:/opt/local/sbin:/usr/local/bin:/System/Cryptexes/App/usr/bin:/usr/bin:/bin:/usr/sbin:/sbin:/Library/Apple/usr/bin:/var/run/com.apple.security.cryptexd/codex.system/bootstrap/usr/local/bin:/var/run/com.apple.security.cryptexd/codex.system/bootstrap/usr/bin:/var/run/com.apple.security.cryptexd/codex.system/bootstrap/usr/appleinternal/bin

## ---------------- ##
## Cache variables. ##
## ---------------- ##

ac_cv_build=x86_64-apple-darwin22.6.0
ac_cv_c_compiler_gnu=yes
ac_cv_cxx_compiler_gnu=yes
ac_cv_env_CCC_set=
ac_cv_env_CCC_value=
ac_cv_env_CC_set=
ac_cv_env_CC_value=
ac_cv_env_CFLAGS_set=
ac_cv_env_CFLAGS_value=
ac_cv_env_CPPFLAGS_set=
ac_cv_env_CPPFLAGS_value=
ac_cv_env_CPP_set=
ac_cv_env_CPP_value=
ac_cv_env_CXXCPP_set=
ac_cv_env_CXXCPP_value=
ac_cv_env_CXXFLAGS_set=
ac_cv_env_CXXFLAGS_value=
ac_cv_env_CXX_set=
ac_cv_env_CXX_value=
ac_cv_env_LDFLAGS_set=
ac_cv_env_LDFLAGS_value=
ac_cv_env_LIBS_set=
ac_cv_env_LIBS_value=
ac_cv_env_LT_SYS_LIBRARY_PATH_set=
ac_cv_env_LT_SYS_LIBRARY_PATH_value=
ac_cv_env_PYTHON_set=
ac_cv_env_PYTHON_value=
ac_cv_env_build_alias_set=
ac_cv_env_build_alias_value=
ac_cv_env_host_alias_set=
ac_cv_env_host_alias_value=
ac_cv_env_target_alias_set=
ac_cv_env_target_alias_value=
ac_cv_header_dlfcn_h=yes
ac_cv_header_inttypes_h=yes
ac_cv_header_stdint_h=yes
ac_cv_header_stdio_h=yes
ac_cv_header_stdlib_h=yes
ac_cv_header_string_h=yes
ac_cv_header_strings_h=yes
ac_cv_header_sys_param_h=yes
ac_cv_header_sys_stat_h=yes
ac_cv_header_sys_time_h=yes
ac_cv_header_sys_types_h=yes
ac_cv_header_unistd_h=yes
ac_cv_header_vfork_h=no
ac_cv_host=x86_64-apple-darwin22.6.0
ac_cv_objext=o
ac_cv_path_EGREP='/usr/bin/grep -E'
ac_cv_path_FGREP='/usr/bin/grep -F'
ac_cv_path_GREP=/usr/bin/grep
ac_cv_path_SED=/usr/bin/sed
ac_cv_path_install='/usr/bin/install -c'
ac_cv_path_lt_DD=/bin/dd
ac_cv_prog_AWK=awk
ac_cv_prog_CPP='gcc -E'
ac_cv_prog_CXXCPP='g++ -E'
ac_cv_prog_ac_ct_AR=ar
ac_cv_prog_ac_ct_CC=gcc
ac_cv_prog_ac_ct_CXX=g++
ac_cv_prog_ac_ct_DSYMUTIL=dsymutil
ac_cv_prog_ac_ct_FILECMD=file
ac_cv_prog_ac_ct_LIPO=lipo
ac_cv_prog_ac_ct_NMEDIT=nmedit
ac_cv_prog_ac_ct_OBJDUMP=objdump
ac_cv_prog_ac_ct_OTOOL=otool
ac_cv_prog_ac_ct_RANLIB=ranlib
ac_cv_prog_ac_ct_STRIP=strip
ac_cv_prog_cc_c11=
ac_cv_prog_cc_g=yes
ac_cv_prog_cc_stdc=
ac_cv_prog_cxx_11=no
ac_cv_prog_cxx_g=yes
ac_cv_prog_cxx_stdcxx=
ac_cv_prog_make_make_set=yes
am_cv_CC_dependencies_compiler_type=gcc3
am_cv_CXX_dependencies_compiler_type=gcc3
am_cv_make_support_nested_variables=yes
am_cv_prog_cc_c_o=yes
lt_cv_apple_cc_single_mod=no
lt_cv_ar_at_file=no
lt_cv_deplibs_check_method=pass_all
lt_cv_file_magic_cmd='$MAGIC_CMD'
lt_cv_file_magic_test_file=
lt_cv_ld_exported_symbols_list=yes
lt_cv_ld_force_load=yes
lt_cv_ld_reload_flag=-r
lt_cv_nm_interface='BSD nm'
lt_cv_objdir=.libs
lt_cv_path_LD=/Library/Developer/CommandLineTools/usr/bin/ld
lt_cv_path_LDCXX=/Library/Developer/CommandLineTools/usr/bin/ld
lt_cv_path_NM='/usr/bin/nm -B'
lt_cv_path_mainfest_tool=no
lt_cv_prog_compiler_c_o=yes
lt_cv_prog_compiler_c_o_CXX=yes
lt_cv_prog_compiler_pic='-fno-common -DPIC'
lt_cv_prog_compiler_pic_CXX='-fno-common -DPIC'
lt_cv_prog_compiler_pic_works=yes
lt_cv_prog_compiler_pic_works_CXX=yes
lt_cv_prog_compiler_rtti_exceptions=yes
lt_cv_prog_compiler_static_works=no
lt_cv_prog_compiler_static_works_CXX=no
lt_cv_prog_gnu_ld=no
lt_cv_prog_gnu_ldcxx=no
lt_cv_sharedlib_from_linklib_cmd='printf %s\n'
lt_cv_sys_global_symbol_pipe='/usr/bin/sed -n -e '\''s/^.*[	 ]\([ABCDGIRSTW][ABCDGIRSTW]*\)[	 ][	 ]*_\([_A-Za-z][_A-Za-z0-9]*\)$/\1 _\2 \2/p'\'' | /usr/bin/sed '\''/ __gnu_lto/d'\'''
lt_cv_sys_global_symbol_to_c_name_address='/usr/bin/sed -n -e '\''s/^: \(.*\) .*$/  {"\1", (void *) 0},/p'\'' -e '\''s/^[ABCDGIRSTW][ABCDGIRSTW]* .* \(.*\)$/  {"\1", (void *) \&\1},/p'\'''
lt_cv_sys_global_symbol_to_c_name_address_lib_prefix='/usr/bin/sed -n -e '\''s/^: \(.*\) .*$/  {"\1", (void *) 0},/p'\'' -e '\''s/^[ABCDGIRSTW][ABCDGIRSTW]* .* \(lib.*\)$/  {"\1", (void *) \&\1},/p'\'' -e '\''s/^[ABCDGIRSTW][ABCDGIRSTW]* .* \(.*\)$/  {"lib\1", (void *) \&\1},/p'\'''
lt_cv_sys_global_symbol_to_cdecl='/usr/bin/sed -n -e '\''s/^T .* \(.*\)$/extern int \1();/p'\'' -e '\''s/^[ABCDGIRSTW][ABCDGIRSTW]* .* \(.*\)$/extern char \1;/p'\'''
lt_cv_sys_global_symbol_to_import=
lt_cv_sys_max_cmd_len=786432
lt_cv_to_host_file_cmd=func_convert_file_noop
lt_cv_to_tool_file_cmd=func_convert_file_noop
lt_cv_truncate_bin='/bin/dd bs=4096 count=1'

## ----------------- ##
## Output variables. ##
## ----------------- ##

ACLOCAL='${SHELL} '\''/Users/zhaoyutainazir/verificarlo/autoconf/missing'\'' aclocal-1.16'
ADDR2LINE=''
ADDR2LINE_PATH=''
ALLOCA=''
AMDEPBACKSLASH='\'
AMDEP_FALSE='#'
AMDEP_TRUE=''
AMTAR='$${TAR-tar}'
AM_BACKSLASH='\'
AM_DEFAULT_V='$(AM_DEFAULT_VERBOSITY)'
AM_DEFAULT_VERBOSITY='0'
AM_V='$(V)'
AR='ar'
AUTOCONF='${SHELL} '\''/Users/zhaoyutainazir/verificarlo/autoconf/missing'\'' autoconf'
AUTOHEADER='${SHELL} '\''/Users/zhaoyutainazir/verificarlo/autoconf/missing'\'' autoheader'
AUTOMAKE='${SHELL} '\''/Users/zhaoyutainazir/verificarlo/autoconf/missing'\'' automake-1.16'
AWK='awk'
BUILD_FLANG_FALSE=''
BUILD_FLANG_TRUE=''
CC='gcc'
CCDEPMODE='depmode=gcc3'
CFLAGS='-g -O2'
CLANG=''
CLANGXX=''
CLANGXX_PATH=''
CLANG_PATH=''
CPP='gcc -E'
CPPFLAGS=''
CSCOPE='cscope'
CTAGS='ctags'
CXX='g++'
CXXCPP='g++ -E'
CXXDEPMODE='depmode=gcc3'
CXXFLAGS='-g -O2'
CYGPATH_W='echo'
DEFS=''
DEPDIR='.deps'
DLLTOOL='false'
DSYMUTIL='dsymutil'
DUMPBIN=''
ECHO_C='\c'
ECHO_N=''
ECHO_T=''
EGREP='/usr/bin/grep -E'
ETAGS='etags'
EXEEXT=''
FC=''
FGREP='/usr/bin/grep -F'
FILECMD='file'
FLANG=''
FLANG_PATH=''
GCC_PATH='gcc'
GREP='/usr/bin/grep'
INSTALL_DATA='${INSTALL} -m 644'
INSTALL_PROGRAM='${INSTALL}'
INSTALL_SCRIPT='${INSTALL}'
INSTALL_STRIP_PROGRAM='$(install_sh) -c -s'
LD='/Library/Developer/CommandLineTools/usr/bin/ld'
LDFLAGS=''
LIBOBJS=''
LIBS=''
LIBTOOL='$(SHELL) $(top_builddir)/libtool'
LIPO='lipo'
LLVM_BINDIR=''
LLVM_CONFIG=''
LLVM_CPPFLAGS=''
LLVM_LDFLAGS=''
LLVM_LINK=''
LLVM_LINK_PATH=''
LLVM_VERSION_MAJOR=''
LN_S='ln -s'
LTLIBOBJS=''
LT_SYS_LIBRARY_PATH=''
MAKEINFO='${SHELL} '\''/Users/zhaoyutainazir/verificarlo/autoconf/missing'\'' makeinfo'
MANIFEST_TOOL=':'
MKDIR_P='/Users/zhaoyutainazir/verificarlo/autoconf/install-sh -c -d'
NM='/usr/bin/nm -B'
NMEDIT='nmedit'
OBJDUMP='objdump'
OBJEXT='o'
OTOOL64=':'
OTOOL='otool'
PACKAGE='verificarlo'
PACKAGE_BUGREPORT=''
PACKAGE_NAME='verificarlo'
PACKAGE_STRING='verificarlo 1.0.0'
PACKAGE_TARNAME='verificarlo'
PACKAGE_URL=''
PACKAGE_VERSION='1.0.0'
PARALLEL=''
PATH_SEPARATOR=':'
PYTHON=''
PYTHON_EXEC_PREFIX=''
PYTHON_PLATFORM=''
PYTHON_PREFIX=''
PYTHON_VERSION=''
RANLIB='ranlib'
SED='/usr/bin/sed'
SET_MAKE=''
SHELL='/bin/sh'
STRIP='strip'
VERSION='1.0.0'
WALL_CFLAGS_FALSE=''
WALL_CFLAGS_TRUE=''
ac_ct_AR='ar'
ac_ct_CC='gcc'
ac_ct_CXX='g++'
ac_ct_DUMPBIN=''
am__EXEEXT_FALSE=''
am__EXEEXT_TRUE=''
am__fastdepCC_FALSE='#'
am__fastdepCC_TRUE=''
am__fastdepCXX_FALSE='#'
am__fastdepCXX_TRUE=''
am__include='include'
am__isrc=' -I$(srcdir)'
am__leading_dot='.'
am__nodep='_no'
am__quote=''
am__tar='$${TAR-tar} chof - "$$tardir"'
am__untar='$${TAR-tar} xf -'
bindir='${exec_prefix}/bin'
build='x86_64-apple-darwin22.6.0'
build_alias=''
build_cpu='x86_64'
build_os='darwin22.6.0'
build_vendor='apple'
datadir='${datarootdir}'
datarootdir='${prefix}/share'
docdir='${datarootdir}/doc/${PACKAGE_TARNAME}'
dvidir='${docdir}'
exec_prefix='NONE'
host='x86_64-apple-darwin22.6.0'
host_alias=''
host_cpu='x86_64'
host_os='darwin22.6.0'
host_vendor='apple'
htmldir='${docdir}'
includedir='${prefix}/include'
infodir='${datarootdir}/info'
install_sh='${SHELL} /Users/zhaoyutainazir/verificarlo/autoconf/install-sh'
libdir='${exec_prefix}/lib'
libexecdir='${exec_prefix}/libexec'
localedir='${datarootdir}/locale'
localstatedir='${prefix}/var'
mandir='${datarootdir}/man'
mkdir_p='$(MKDIR_P)'
oldincludedir='/usr/include'
pdfdir='${docdir}'
pkgpyexecdir=''
pkgpythondir=''
prefix='NONE'
program_transform_name='s,x,x,'
psdir='${docdir}'
pyexecdir=''
pythondir=''
runstatedir='${localstatedir}/run'
sbindir='${exec_prefix}/sbin'
sharedstatedir='${prefix}/com'
sysconfdir='${prefix}/etc'
target_alias=''

## ----------- ##
## confdefs.h. ##
## ----------- ##

/* confdefs.h */
#define PACKAGE_NAME "verificarlo"
#define PACKAGE_TARNAME "verificarlo"
#define PACKAGE_VERSION "1.0.0"
#define PACKAGE_STRING "verificarlo 1.0.0"
#define PACKAGE_BUGREPORT ""
#define PACKAGE_URL ""
#define PACKAGE "verificarlo"
#define VERSION "1.0.0"
#define HAVE_STDIO_H 1
#define HAVE_STDLIB_H 1
#define HAVE_STRING_H 1
#define HAVE_INTTYPES_H 1
#define HAVE_STDINT_H 1
#define HAVE_STRINGS_H 1
#define HAVE_SYS_STAT_H 1
#define HAVE_SYS_TYPES_H 1
#define HAVE_UNISTD_H 1
#define HAVE_SYS_TIME_H 1
#define HAVE_SYS_PARAM_H 1
#define STDC_HEADERS 1
#define HAVE_DLFCN_H 1
#define LT_OBJDIR ".libs/"
#define GCC_VERSION (clang-1500.0.40.1)
#define GCC_PATH "gcc"

configure: exit 1
